This file contains any messages produced by compilers while
running configure, to aid debugging if configure makes a mistake.

It was created by xymodel configure 0.1, which was
generated by GNU Autoconf 2.61.  Invocation command line was

  $ ./configure 

## --------- ##
## Platform. ##
## --------- ##

hostname = kai-no-Air
uname -m = x86_64
uname -r = 14.1.1
uname -s = Darwin
uname -v = Darwin Kernel Version 14.1.1: Fri Feb  6 21:06:10 PST 2015; root:xnu-2782.15.4~1/RELEASE_X86_64

/usr/bin/uname -p = i386
/bin/uname -X     = unknown

/bin/arch              = unknown
/usr/bin/arch -k       = unknown
/usr/convex/getsysinfo = unknown
/usr/bin/hostinfo      = Mach kernel version:
	 Darwin Kernel Version 14.1.1: Fri Feb  6 21:06:10 PST 2015; root:xnu-2782.15.4~1/RELEASE_X86_64
Kernel configured for up to 4 processors.
2 processors are physically available.
4 processors are logically available.
Processor type: x86_64h (Intel x86-64h Haswell)
Processors active: 0 1 2 3
Primary memory available: 4.00 gigabytes
Default processor set: 228 tasks, 1526 threads, 4 processors
Load average: 2.30, Mach factor: 1.80
/bin/machine           = unknown
/usr/bin/oslevel       = unknown
/bin/universe          = unknown

PATH: /Library/Frameworks/Python.framework/Versions/2.7/bin
PATH: /Applications/Vtools/bin
PATH: /Users/kaishimgakki/anaconda/bin
PATH: /usr/bin/python
PATH: /usr/local/bin
PATH: /usr/local/bin
PATH: /usr/bin
PATH: /bin
PATH: /usr/sbin
PATH: /sbin
PATH: /opt/X11/bin
PATH: /usr/texbin


## ----------- ##
## Core tests. ##
## ----------- ##

configure:1702: checking for gawk
configure:1732: result: no
configure:1702: checking for mawk
configure:1732: result: no
configure:1702: checking for nawk
configure:1732: result: no
configure:1702: checking for awk
configure:1718: found /usr/bin/awk
configure:1729: result: awk
configure:1788: checking for gcc
configure:1804: found /usr/bin/gcc
configure:1815: result: gcc
configure:2053: checking for C compiler version
configure:2060: gcc --version >&5
Configured with: --prefix=/Applications/Xcode.app/Contents/Developer/usr --with-gxx-include-dir=/usr/include/c++/4.2.1
Apple LLVM version 6.1.0 (clang-602.0.53) (based on LLVM 3.6.0svn)
Target: x86_64-apple-darwin14.1.1
Thread model: posix
configure:2063: $? = 0
configure:2070: gcc -v >&5
Configured with: --prefix=/Applications/Xcode.app/Contents/Developer/usr --with-gxx-include-dir=/usr/include/c++/4.2.1
Apple LLVM version 6.1.0 (clang-602.0.53) (based on LLVM 3.6.0svn)
Target: x86_64-apple-darwin14.1.1
Thread model: posix
configure:2073: $? = 0
configure:2080: gcc -V >&5
clang: error: argument to '-V' is missing (expected 1 value)
clang: error: no input files
configure:2083: $? = 1
configure:2106: checking for C compiler default output file name
configure:2133: gcc    conftest.c  >&5
configure:2136: $? = 0
configure:2174: result: a.out
configure:2191: checking whether the C compiler works
configure:2201: ./a.out
configure:2204: $? = 0
configure:2221: result: yes
configure:2228: checking whether we are cross compiling
configure:2230: result: no
configure:2233: checking for suffix of executables
configure:2240: gcc -o conftest    conftest.c  >&5
configure:2243: $? = 0
configure:2267: result: 
configure:2273: checking for suffix of object files
configure:2299: gcc -c   conftest.c >&5
configure:2302: $? = 0
configure:2325: result: o
configure:2329: checking whether we are using the GNU C compiler
configure:2358: gcc -c   conftest.c >&5
configure:2364: $? = 0
configure:2381: result: yes
configure:2386: checking whether gcc accepts -g
configure:2416: gcc -c -g  conftest.c >&5
configure:2422: $? = 0
configure:2521: result: yes
configure:2538: checking for gcc option to accept ISO C89
configure:2612: gcc  -c -g -O2  conftest.c >&5
configure:2618: $? = 0
configure:2641: result: none needed
configure:2659: checking whether make sets $(MAKE)
configure:2680: result: yes
configure:2699: checking for setupterm in -lcurses
configure:2734: gcc -o conftest -g -O2   conftest.c -lcurses   >&5
configure:2740: $? = 0
configure:2758: result: yes
configure:2783: checking for glutInit in -lglut
configure:2818: gcc -o conftest -g -O2   conftest.c -lglut   >&5
ld: library not found for -lglut
clang: error: linker command failed with exit code 1 (use -v to see invocation)
configure:2824: $? = 1
configure: failed program was:
| /* confdefs.h.  */
| #define PACKAGE_NAME "xymodel"
| #define PACKAGE_TARNAME "xymodel"
| #define PACKAGE_VERSION "0.1"
| #define PACKAGE_STRING "xymodel 0.1"
| #define PACKAGE_BUGREPORT "tobias.rautenkranz@stud.unibas.ch"
| #define _GNU_SOURCE 1
| #define HAVE_LIBCURSES 1
| /* end confdefs.h.  */
| 
| /* Override any GCC internal prototype to avoid an error.
|    Use char because int might match the return type of a GCC
|    builtin and then its argument prototype would still apply.  */
| #ifdef __cplusplus
| extern "C"
| #endif
| char glutInit ();
| int
| main ()
| {
| return glutInit ();
|   ;
|   return 0;
| }
configure:2842: result: no
configure:2852: WARNING: *** glvec can't be compiled ***
configure:2869: checking for dlopen in -ldl
configure:2904: gcc -o conftest -g -O2   conftest.c -ldl   >&5
configure:2910: $? = 0
configure:2928: result: yes
configure:2941: checking for cos in -lm
configure:2976: gcc -o conftest -g -O2   conftest.c -lm  -ldl  >&5
conftest.c:18:6: warning: incompatible redeclaration of library function 'cos' [-Wincompatible-library-redeclaration]
char cos ();
     ^
conftest.c:18:6: note: 'cos' is a builtin with type 'double (double)'
1 warning generated.
configure:2982: $? = 0
configure:3000: result: yes
configure:3018: checking how to run the C preprocessor
configure:3058: gcc -E  conftest.c
configure:3064: $? = 0
configure:3095: gcc -E  conftest.c
conftest.c:12:10: fatal error: 'ac_nonexistent.h' file not found
#include <ac_nonexistent.h>
         ^
1 error generated.
configure:3101: $? = 1
configure: failed program was:
| /* confdefs.h.  */
| #define PACKAGE_NAME "xymodel"
| #define PACKAGE_TARNAME "xymodel"
| #define PACKAGE_VERSION "0.1"
| #define PACKAGE_STRING "xymodel 0.1"
| #define PACKAGE_BUGREPORT "tobias.rautenkranz@stud.unibas.ch"
| #define _GNU_SOURCE 1
| #define HAVE_LIBCURSES 1
| #define HAVE_LIBDL 1
| #define HAVE_LIBM 1
| /* end confdefs.h.  */
| #include <ac_nonexistent.h>
configure:3134: result: gcc -E
configure:3163: gcc -E  conftest.c
configure:3169: $? = 0
configure:3200: gcc -E  conftest.c
conftest.c:12:10: fatal error: 'ac_nonexistent.h' file not found
#include <ac_nonexistent.h>
         ^
1 error generated.
configure:3206: $? = 1
configure: failed program was:
| /* confdefs.h.  */
| #define PACKAGE_NAME "xymodel"
| #define PACKAGE_TARNAME "xymodel"
| #define PACKAGE_VERSION "0.1"
| #define PACKAGE_STRING "xymodel 0.1"
| #define PACKAGE_BUGREPORT "tobias.rautenkranz@stud.unibas.ch"
| #define _GNU_SOURCE 1
| #define HAVE_LIBCURSES 1
| #define HAVE_LIBDL 1
| #define HAVE_LIBM 1
| /* end confdefs.h.  */
| #include <ac_nonexistent.h>
configure:3244: checking for grep that handles long lines and -e
configure:3318: result: /usr/bin/grep
configure:3323: checking for egrep
configure:3401: result: /usr/bin/grep -E
configure:3406: checking for ANSI C header files
configure:3436: gcc -c -g -O2  conftest.c >&5
configure:3442: $? = 0
configure:3541: gcc -o conftest -g -O2   conftest.c -lm -ldl  >&5
configure:3544: $? = 0
configure:3550: ./conftest
configure:3553: $? = 0
configure:3570: result: yes
configure:3594: checking for sys/types.h
configure:3615: gcc -c -g -O2  conftest.c >&5
configure:3621: $? = 0
configure:3637: result: yes
configure:3594: checking for sys/stat.h
configure:3615: gcc -c -g -O2  conftest.c >&5
configure:3621: $? = 0
configure:3637: result: yes
configure:3594: checking for stdlib.h
configure:3615: gcc -c -g -O2  conftest.c >&5
configure:3621: $? = 0
configure:3637: result: yes
configure:3594: checking for string.h
configure:3615: gcc -c -g -O2  conftest.c >&5
configure:3621: $? = 0
configure:3637: result: yes
configure:3594: checking for memory.h
configure:3615: gcc -c -g -O2  conftest.c >&5
configure:3621: $? = 0
configure:3637: result: yes
configure:3594: checking for strings.h
configure:3615: gcc -c -g -O2  conftest.c >&5
configure:3621: $? = 0
configure:3637: result: yes
configure:3594: checking for inttypes.h
configure:3615: gcc -c -g -O2  conftest.c >&5
configure:3621: $? = 0
configure:3637: result: yes
configure:3594: checking for stdint.h
configure:3615: gcc -c -g -O2  conftest.c >&5
configure:3621: $? = 0
configure:3637: result: yes
configure:3594: checking for unistd.h
configure:3615: gcc -c -g -O2  conftest.c >&5
configure:3621: $? = 0
configure:3637: result: yes
configure:3669: checking fcntl.h usability
configure:3686: gcc -c -g -O2  conftest.c >&5
configure:3692: $? = 0
configure:3706: result: yes
configure:3710: checking fcntl.h presence
configure:3725: gcc -E  conftest.c
configure:3731: $? = 0
configure:3745: result: yes
configure:3778: checking for fcntl.h
configure:3786: result: yes
configure:3659: checking for stdlib.h
configure:3665: result: yes
configure:3659: checking for string.h
configure:3665: result: yes
configure:3669: checking sys/time.h usability
configure:3686: gcc -c -g -O2  conftest.c >&5
configure:3692: $? = 0
configure:3706: result: yes
configure:3710: checking sys/time.h presence
configure:3725: gcc -E  conftest.c
configure:3731: $? = 0
configure:3745: result: yes
configure:3778: checking for sys/time.h
configure:3786: result: yes
configure:3659: checking for unistd.h
configure:3665: result: yes
configure:3669: checking wchar.h usability
configure:3686: gcc -c -g -O2  conftest.c >&5
configure:3692: $? = 0
configure:3706: result: yes
configure:3710: checking wchar.h presence
configure:3725: gcc -E  conftest.c
configure:3731: $? = 0
configure:3745: result: yes
configure:3778: checking for wchar.h
configure:3786: result: yes
configure:3801: checking for an ANSI C-conforming const
configure:3876: gcc -c -g -O2  conftest.c >&5
configure:3882: $? = 0
configure:3897: result: yes
configure:3907: checking for inline
configure:3933: gcc -c -g -O2  conftest.c >&5
configure:3939: $? = 0
configure:3957: result: inline
configure:3976: checking for size_t
configure:4006: gcc -c -g -O2  conftest.c >&5
configure:4012: $? = 0
configure:4027: result: yes
configure:4039: checking whether time.h and sys/time.h may both be included
configure:4069: gcc -c -g -O2  conftest.c >&5
configure:4075: $? = 0
configure:4090: result: yes
configure:4102: checking for error_at_line
configure:4128: gcc -o conftest -g -O2   conftest.c -lm -ldl  >&5
conftest.c:29:10: fatal error: 'error.h' file not found
#include <error.h>
         ^
1 error generated.
configure:4134: $? = 1
configure: failed program was:
| /* confdefs.h.  */
| #define PACKAGE_NAME "xymodel"
| #define PACKAGE_TARNAME "xymodel"
| #define PACKAGE_VERSION "0.1"
| #define PACKAGE_STRING "xymodel 0.1"
| #define PACKAGE_BUGREPORT "tobias.rautenkranz@stud.unibas.ch"
| #define _GNU_SOURCE 1
| #define HAVE_LIBCURSES 1
| #define HAVE_LIBDL 1
| #define HAVE_LIBM 1
| #define STDC_HEADERS 1
| #define HAVE_SYS_TYPES_H 1
| #define HAVE_SYS_STAT_H 1
| #define HAVE_STDLIB_H 1
| #define HAVE_STRING_H 1
| #define HAVE_MEMORY_H 1
| #define HAVE_STRINGS_H 1
| #define HAVE_INTTYPES_H 1
| #define HAVE_STDINT_H 1
| #define HAVE_UNISTD_H 1
| #define HAVE_FCNTL_H 1
| #define HAVE_STDLIB_H 1
| #define HAVE_STRING_H 1
| #define HAVE_SYS_TIME_H 1
| #define HAVE_UNISTD_H 1
| #define HAVE_WCHAR_H 1
| #define TIME_WITH_SYS_TIME 1
| /* end confdefs.h.  */
| #include <error.h>
| int
| main ()
| {
| error_at_line (0, 0, "", 0, "an error occurred");
|   ;
|   return 0;
| }
configure:4151: result: no
configure:4167: checking for stdlib.h
configure:4173: result: yes
configure:4307: checking for GNU libc compatible malloc
configure:4341: gcc -o conftest -g -O2   conftest.c -lm -ldl  >&5
configure:4344: $? = 0
configure:4350: ./conftest
configure:4353: $? = 0
configure:4369: result: yes
configure:4397: checking for working strtod
configure:4448: gcc -o conftest -g -O2   conftest.c -lm -ldl  >&5
configure:4451: $? = 0
configure:4457: ./conftest
configure:4460: $? = 0
configure:4476: result: yes
configure:4649: checking for floor
configure:4705: gcc -o conftest -g -O2   conftest.c -lm -ldl  >&5
conftest.c:54:6: warning: incompatible redeclaration of library function 'floor' [-Wincompatible-library-redeclaration]
char floor ();
     ^
conftest.c:54:6: note: 'floor' is a builtin with type 'double (double)'
1 warning generated.
configure:4711: $? = 0
configure:4729: result: yes
configure:4649: checking for gettimeofday
configure:4705: gcc -o conftest -g -O2   conftest.c -lm -ldl  >&5
configure:4711: $? = 0
configure:4729: result: yes
configure:4649: checking for memset
configure:4705: gcc -o conftest -g -O2   conftest.c -lm -ldl  >&5
conftest.c:56:6: warning: incompatible redeclaration of library function 'memset' [-Wincompatible-library-redeclaration]
char memset ();
     ^
conftest.c:56:6: note: 'memset' is a builtin with type 'void *(void *, int, unsigned long)'
1 warning generated.
configure:4711: $? = 0
configure:4729: result: yes
configure:4649: checking for pow
configure:4705: gcc -o conftest -g -O2   conftest.c -lm -ldl  >&5
conftest.c:57:6: warning: incompatible redeclaration of library function 'pow' [-Wincompatible-library-redeclaration]
char pow ();
     ^
conftest.c:57:6: note: 'pow' is a builtin with type 'double (double, double)'
1 warning generated.
configure:4711: $? = 0
configure:4729: result: yes
configure:4649: checking for sqrt
configure:4705: gcc -o conftest -g -O2   conftest.c -lm -ldl  >&5
conftest.c:58:6: warning: incompatible redeclaration of library function 'sqrt' [-Wincompatible-library-redeclaration]
char sqrt ();
     ^
conftest.c:58:6: note: 'sqrt' is a builtin with type 'double (double)'
1 warning generated.
configure:4711: $? = 0
configure:4729: result: yes
configure:4649: checking for strtol
configure:4705: gcc -o conftest -g -O2   conftest.c -lm -ldl  >&5
configure:4711: $? = 0
configure:4729: result: yes
configure:4739: checking for getline
configure:4795: gcc -o conftest -g -O2   conftest.c -lm -ldl  >&5
configure:4801: $? = 0
configure:4818: result: yes
configure:4945: creating ./config.status

## ---------------------- ##
## Running config.status. ##
## ---------------------- ##

This file was extended by xymodel config.status 0.1, which was
generated by GNU Autoconf 2.61.  Invocation command line was

  CONFIG_FILES    = 
  CONFIG_HEADERS  = 
  CONFIG_LINKS    = 
  CONFIG_COMMANDS = 
  $ ./config.status 

on kai-no-Air

config.status:598: creating Makefile
config.status:598: creating config.h

## ---------------- ##
## Cache variables. ##
## ---------------- ##

ac_cv_c_compiler_gnu=yes
ac_cv_c_const=yes
ac_cv_c_inline=inline
ac_cv_env_CC_set=
ac_cv_env_CC_value=
ac_cv_env_CFLAGS_set=
ac_cv_env_CFLAGS_value=
ac_cv_env_CPPFLAGS_set=
ac_cv_env_CPPFLAGS_value=
ac_cv_env_CPP_set=
ac_cv_env_CPP_value=
ac_cv_env_LDFLAGS_set=
ac_cv_env_LDFLAGS_value=
ac_cv_env_LIBS_set=
ac_cv_env_LIBS_value=
ac_cv_env_build_alias_set=
ac_cv_env_build_alias_value=
ac_cv_env_host_alias_set=
ac_cv_env_host_alias_value=
ac_cv_env_target_alias_set=
ac_cv_env_target_alias_value=
ac_cv_func_floor=yes
ac_cv_func_getline=yes
ac_cv_func_gettimeofday=yes
ac_cv_func_malloc_0_nonnull=yes
ac_cv_func_memset=yes
ac_cv_func_pow=yes
ac_cv_func_sqrt=yes
ac_cv_func_strtod=yes
ac_cv_func_strtol=yes
ac_cv_header_fcntl_h=yes
ac_cv_header_inttypes_h=yes
ac_cv_header_memory_h=yes
ac_cv_header_stdc=yes
ac_cv_header_stdint_h=yes
ac_cv_header_stdlib_h=yes
ac_cv_header_string_h=yes
ac_cv_header_strings_h=yes
ac_cv_header_sys_stat_h=yes
ac_cv_header_sys_time_h=yes
ac_cv_header_sys_types_h=yes
ac_cv_header_time=yes
ac_cv_header_unistd_h=yes
ac_cv_header_wchar_h=yes
ac_cv_lib_curses_setupterm=yes
ac_cv_lib_dl_dlopen=yes
ac_cv_lib_error_at_line=no
ac_cv_lib_glut_glutInit=no
ac_cv_lib_m_cos=yes
ac_cv_objext=o
ac_cv_path_EGREP='/usr/bin/grep -E'
ac_cv_path_GREP=/usr/bin/grep
ac_cv_prog_AWK=awk
ac_cv_prog_CPP='gcc -E'
ac_cv_prog_ac_ct_CC=gcc
ac_cv_prog_cc_c89=
ac_cv_prog_cc_g=yes
ac_cv_prog_make_make_set=yes
ac_cv_type_size_t=yes

## ----------------- ##
## Output variables. ##
## ----------------- ##

AWK='awk'
CC='gcc'
CFLAGS='-g -O2'
CPP='gcc -E'
CPPFLAGS=''
DEFS='-DHAVE_CONFIG_H'
ECHO_C='ECHO_N=''
ECHO_T=''
EGREP='/usr/bin/grep -E'
EXEEXT=''
GREP='/usr/bin/grep'
HAVE_LIBCURSES_FALSE='#'
HAVE_LIBCURSES_TRUE=''
HAVE_LIBGLUT_FALSE=''
HAVE_LIBGLUT_TRUE='#'
LDFLAGS=''
LIBOBJS=' ${LIBOBJDIR}error$U.o'
LIBS='-lm -ldl '
LTLIBOBJS=' ${LIBOBJDIR}error$U.lo'
OBJEXT='o'
PACKAGE_BUGREPORT='tobias.rautenkranz@stud.unibas.ch'
PACKAGE_NAME='xymodel'
PACKAGE_STRING='xymodel 0.1'
PACKAGE_TARNAME='xymodel'
PACKAGE_VERSION='0.1'
PATH_SEPARATOR=':'
POW_LIB=''
SET_MAKE=''
SHELL='/bin/sh'
ac_ct_CC='gcc'
bindir='${exec_prefix}/bin'
build_alias=''
datadir='${datarootdir}'
datarootdir='${prefix}/share'
docdir='${datarootdir}/doc/${PACKAGE_TARNAME}'
dvidir='${docdir}'
exec_prefix='${prefix}'
host_alias=''
htmldir='${docdir}'
includedir='${prefix}/include'
infodir='${datarootdir}/info'
libdir='${exec_prefix}/lib'
libexecdir='${exec_prefix}/libexec'
localedir='${datarootdir}/locale'
localstatedir='${prefix}/var'
mandir='${datarootdir}/man'
oldincludedir='/usr/include'
pdfdir='${docdir}'
prefix='/usr/local'
program_transform_name='s,x,x,'
psdir='${docdir}'
sbindir='${exec_prefix}/sbin'
sharedstatedir='${prefix}/com'
sysconfdir='${prefix}/etc'
target_alias=''

## ----------- ##
## confdefs.h. ##
## ----------- ##

#define PACKAGE_NAME "xymodel"
#define PACKAGE_TARNAME "xymodel"
#define PACKAGE_VERSION "0.1"
#define PACKAGE_STRING "xymodel 0.1"
#define PACKAGE_BUGREPORT "tobias.rautenkranz@stud.unibas.ch"
#define _GNU_SOURCE 1
#define HAVE_LIBCURSES 1
#define HAVE_LIBDL 1
#define HAVE_LIBM 1
#define STDC_HEADERS 1
#define HAVE_SYS_TYPES_H 1
#define HAVE_SYS_STAT_H 1
#define HAVE_STDLIB_H 1
#define HAVE_STRING_H 1
#define HAVE_MEMORY_H 1
#define HAVE_STRINGS_H 1
#define HAVE_INTTYPES_H 1
#define HAVE_STDINT_H 1
#define HAVE_UNISTD_H 1
#define HAVE_FCNTL_H 1
#define HAVE_STDLIB_H 1
#define HAVE_STRING_H 1
#define HAVE_SYS_TIME_H 1
#define HAVE_UNISTD_H 1
#define HAVE_WCHAR_H 1
#define TIME_WITH_SYS_TIME 1
#define HAVE_STDLIB_H 1
#define HAVE_MALLOC 1
#define HAVE_FLOOR 1
#define HAVE_GETTIMEOFDAY 1
#define HAVE_MEMSET 1
#define HAVE_POW 1
#define HAVE_SQRT 1
#define HAVE_STRTOL 1

configure: exit 0
